00:04:09:911 DEBUG 18004 --- [http-nio-8082-exec-10] com.hmall.cart.mapper.CartMapper.delete  : ==>  Preparing: DELETE FROM cart WHERE (user_id = ? AND item_id IN (?))
00:04:09:911 DEBUG 18004 --- [http-nio-8082-exec-8] com.hmall.cart.mapper.CartMapper.delete  : ==>  Preparing: DELETE FROM cart WHERE (user_id = ? AND item_id IN (?))
00:04:09:944 DEBUG 18004 --- [http-nio-8082-exec-10] com.hmall.cart.mapper.CartMapper.delete  : ==> Parameters: null, 100001964366(Long)
00:04:09:944 DEBUG 18004 --- [http-nio-8082-exec-8] com.hmall.cart.mapper.CartMapper.delete  : ==> Parameters: null, 100001964366(Long)
00:04:09:950 DEBUG 18004 --- [http-nio-8082-exec-10] com.hmall.cart.mapper.CartMapper.delete  : <==    Updates: 0
00:04:09:951 DEBUG 18004 --- [http-nio-8082-exec-8] com.hmall.cart.mapper.CartMapper.delete  : <==    Updates: 0
00:04:10:077 DEBUG 18004 --- [http-nio-8082-exec-1] com.hmall.cart.mapper.CartMapper.delete  : ==>  Preparing: DELETE FROM cart WHERE (user_id = ? AND item_id IN (?))
00:04:10:079 DEBUG 18004 --- [http-nio-8082-exec-1] com.hmall.cart.mapper.CartMapper.delete  : ==> Parameters: null, 100001964366(Long)
00:04:10:083 DEBUG 18004 --- [http-nio-8082-exec-1] com.hmall.cart.mapper.CartMapper.delete  : <==    Updates: 0
00:04:20:393 DEBUG 18004 --- [http-nio-8082-exec-2] com.hmall.cart.mapper.CartMapper.delete  : ==>  Preparing: DELETE FROM cart WHERE (user_id = ? AND item_id IN (?))
00:04:20:395 DEBUG 18004 --- [http-nio-8082-exec-2] com.hmall.cart.mapper.CartMapper.delete  : ==> Parameters: null, 100001964366(Long)
00:04:20:398 DEBUG 18004 --- [http-nio-8082-exec-2] com.hmall.cart.mapper.CartMapper.delete  : <==    Updates: 0
00:05:11:698 DEBUG 18004 --- [http-nio-8082-exec-4] com.hmall.cart.mapper.CartMapper.delete  : ==>  Preparing: DELETE FROM cart WHERE (user_id = ? AND item_id IN (?))
00:05:11:699 DEBUG 18004 --- [http-nio-8082-exec-4] com.hmall.cart.mapper.CartMapper.delete  : ==> Parameters: null, 100001964366(Long)
00:05:11:701 DEBUG 18004 --- [http-nio-8082-exec-4] com.hmall.cart.mapper.CartMapper.delete  : <==    Updates: 0
00:15:27:988 DEBUG 18004 --- [http-nio-8082-exec-5] c.h.cart.mapper.CartMapper.selectCount   : ==>  Preparing: SELECT COUNT( * ) FROM cart WHERE (user_id = ? AND item_id = ?)
00:15:28:006 DEBUG 18004 --- [http-nio-8082-exec-5] c.h.cart.mapper.CartMapper.selectCount   : ==> Parameters: 1(Long), 100001964366(Long)
00:15:28:013 DEBUG 18004 --- [http-nio-8082-exec-5] c.h.cart.mapper.CartMapper.selectCount   : <==      Total: 1
00:15:28:018 DEBUG 18004 --- [http-nio-8082-exec-5] c.h.cart.mapper.CartMapper.selectCount   : ==>  Preparing: SELECT COUNT( * ) FROM cart WHERE (user_id = ?)
00:15:28:019 DEBUG 18004 --- [http-nio-8082-exec-5] c.h.cart.mapper.CartMapper.selectCount   : ==> Parameters: 1(Long)
00:15:28:026 DEBUG 18004 --- [http-nio-8082-exec-5] c.h.cart.mapper.CartMapper.selectCount   : <==      Total: 1
00:15:28:037 DEBUG 18004 --- [http-nio-8082-exec-5] com.hmall.cart.mapper.CartMapper.insert  : ==>  Preparing: INSERT INTO cart ( user_id, item_id, name, spec, price, image ) VALUES ( ?, ?, ?, ?, ?, ? )
00:15:28:039 DEBUG 18004 --- [http-nio-8082-exec-5] com.hmall.cart.mapper.CartMapper.insert  : ==> Parameters: 1(Long), 100001964366(Long), OPPO A7 全面屏拍照手机 4GB+64GB 清新粉 全网通 移动联通电信4G 双卡双待手机(String), {"颜色": "粉色"}(String), 65400(Integer), https://m.360buyimg.com/mobilecms/s720x720_jfs/t25564/327/2615611632/135559/d3c69840/5bebd32eN3bf6f987.jpg!q70.jpg.webp(String)
00:15:28:048 DEBUG 18004 --- [http-nio-8082-exec-5] com.hmall.cart.mapper.CartMapper.insert  : <==    Updates: 1
00:15:28:289 DEBUG 18004 --- [http-nio-8082-exec-9] c.h.cart.mapper.CartMapper.selectList    : ==>  Preparing: SELECT id,user_id,item_id,num,name,spec,price,image,create_time,update_time FROM cart WHERE (user_id = ?)
00:15:28:292 DEBUG 18004 --- [http-nio-8082-exec-9] c.h.cart.mapper.CartMapper.selectList    : ==> Parameters: 1(Long)
00:15:28:306 DEBUG 18004 --- [http-nio-8082-exec-9] c.h.cart.mapper.CartMapper.selectList    : <==      Total: 2
00:15:33:136 DEBUG 18004 --- [http-nio-8082-exec-7] com.hmall.cart.mapper.CartMapper.delete  : ==>  Preparing: DELETE FROM cart WHERE (user_id = ? AND item_id IN (?))
00:15:33:137 DEBUG 18004 --- [http-nio-8082-exec-7] com.hmall.cart.mapper.CartMapper.delete  : ==> Parameters: null, 100001964366(Long)
00:15:33:138 DEBUG 18004 --- [http-nio-8082-exec-7] com.hmall.cart.mapper.CartMapper.delete  : <==    Updates: 0
00:16:55:571 DEBUG 18004 --- [http-nio-8082-exec-1] c.h.cart.mapper.CartMapper.selectList    : ==>  Preparing: SELECT id,user_id,item_id,num,name,spec,price,image,create_time,update_time FROM cart WHERE (user_id = ?)
00:16:55:574 DEBUG 18004 --- [http-nio-8082-exec-1] c.h.cart.mapper.CartMapper.selectList    : ==> Parameters: 1(Long)
00:16:55:579 DEBUG 18004 --- [http-nio-8082-exec-1] c.h.cart.mapper.CartMapper.selectList    : <==      Total: 2
00:16:59:386 DEBUG 18004 --- [http-nio-8082-exec-2] com.hmall.cart.mapper.CartMapper.delete  : ==>  Preparing: DELETE FROM cart WHERE (user_id = ? AND item_id IN (?))
00:16:59:387 DEBUG 18004 --- [http-nio-8082-exec-2] com.hmall.cart.mapper.CartMapper.delete  : ==> Parameters: null, 100001964366(Long)
00:16:59:388 DEBUG 18004 --- [http-nio-8082-exec-2] com.hmall.cart.mapper.CartMapper.delete  : <==    Updates: 0
00:17:22:702 DEBUG 18004 --- [http-nio-8082-exec-3] com.hmall.cart.mapper.CartMapper.delete  : ==>  Preparing: DELETE FROM cart WHERE (user_id = ? AND item_id IN (?))
00:17:22:703 DEBUG 18004 --- [http-nio-8082-exec-3] com.hmall.cart.mapper.CartMapper.delete  : ==> Parameters: null, 100001964366(Long)
00:17:22:704 DEBUG 18004 --- [http-nio-8082-exec-3] com.hmall.cart.mapper.CartMapper.delete  : <==    Updates: 0
00:17:56:454 DEBUG 18004 --- [http-nio-8082-exec-6] com.hmall.cart.mapper.CartMapper.delete  : ==>  Preparing: DELETE FROM cart WHERE (user_id = ? AND item_id IN (?))
00:17:56:454 DEBUG 18004 --- [http-nio-8082-exec-6] com.hmall.cart.mapper.CartMapper.delete  : ==> Parameters: null, 100001964366(Long)
00:17:56:456 DEBUG 18004 --- [http-nio-8082-exec-6] com.hmall.cart.mapper.CartMapper.delete  : <==    Updates: 0
00:20:18:485  INFO 18004 --- [com.alibaba.nacos.client.remote.worker] com.alibaba.nacos.common.remote.client   : [546b837f-82df-43fe-84d2-45f3e65d3683] Server healthy check fail, currentConnection = 1696866275708_192.168.10.1_56364
00:20:18:488  INFO 18004 --- [com.alibaba.nacos.client.remote.worker] com.alibaba.nacos.common.remote.client   : [546b837f-82df-43fe-84d2-45f3e65d3683] Try to reconnect to a new server, server is  not appointed, will choose a random server.
00:20:19:050  INFO 18004 --- [com.alibaba.nacos.client.remote.worker] com.alibaba.nacos.common.remote.client   : [546b837f-82df-43fe-84d2-45f3e65d3683] Success to connect a server [192.168.10.102:8848], connectionId = 1696868418836_192.168.10.1_59246
00:20:19:050  INFO 18004 --- [com.alibaba.nacos.client.remote.worker] com.alibaba.nacos.common.remote.client   : [546b837f-82df-43fe-84d2-45f3e65d3683] Abandon prev connection, server is 192.168.10.102:8848, connectionId is 1696866275708_192.168.10.1_56364
00:20:19:051  INFO 18004 --- [com.alibaba.nacos.client.remote.worker] com.alibaba.nacos.common.remote.client   : Close current connection 1696866275708_192.168.10.1_56364
00:20:19:052  INFO 18004 --- [com.alibaba.nacos.client.remote.worker] com.alibaba.nacos.common.remote.client   : [546b837f-82df-43fe-84d2-45f3e65d3683] Notify disconnected event to listeners
00:20:19:054  WARN 18004 --- [nacos-grpc-client-executor-448] c.a.n.c.remote.client.grpc.GrpcClient    : [1696866275708_192.168.10.1_56364]Ignore error event,isRunning:true,isAbandon=true
00:20:19:057  INFO 18004 --- [com.alibaba.nacos.client.remote.worker] com.alibaba.nacos.common.remote.client   : [546b837f-82df-43fe-84d2-45f3e65d3683] Notify connected event to listeners.
00:20:19:944  INFO 18004 --- [nacos-grpc-client-executor-452] com.alibaba.nacos.common.remote.client   : [546b837f-82df-43fe-84d2-45f3e65d3683] Receive server push request, request = NotifySubscriberRequest, requestId = 27
00:20:19:945  INFO 18004 --- [nacos-grpc-client-executor-452] com.alibaba.nacos.common.remote.client   : [546b837f-82df-43fe-84d2-45f3e65d3683] Ack server push request, request = NotifySubscriberRequest, requestId = 27
00:20:19:952  INFO 18004 --- [nacos-grpc-client-executor-453] com.alibaba.nacos.common.remote.client   : [546b837f-82df-43fe-84d2-45f3e65d3683] Receive server push request, request = NotifySubscriberRequest, requestId = 29
00:20:19:954  INFO 18004 --- [nacos-grpc-client-executor-453] com.alibaba.nacos.common.remote.client   : [546b837f-82df-43fe-84d2-45f3e65d3683] Ack server push request, request = NotifySubscriberRequest, requestId = 29
00:20:20:643  INFO 18004 --- [nacos-grpc-client-executor-454] com.alibaba.nacos.common.remote.client   : [546b837f-82df-43fe-84d2-45f3e65d3683] Receive server push request, request = NotifySubscriberRequest, requestId = 33
00:20:20:645  INFO 18004 --- [nacos-grpc-client-executor-454] com.alibaba.nacos.common.remote.client   : [546b837f-82df-43fe-84d2-45f3e65d3683] Ack server push request, request = NotifySubscriberRequest, requestId = 33
00:23:56:858 DEBUG 18004 --- [http-nio-8082-exec-9] com.hmall.cart.mapper.CartMapper.delete  : ==>  Preparing: DELETE FROM cart WHERE (user_id = ? AND item_id IN (?))
00:23:56:858 DEBUG 18004 --- [http-nio-8082-exec-9] com.hmall.cart.mapper.CartMapper.delete  : ==> Parameters: null, 100001964366(Long)
00:23:56:860 DEBUG 18004 --- [http-nio-8082-exec-9] com.hmall.cart.mapper.CartMapper.delete  : <==    Updates: 0
00:24:25:794 DEBUG 18004 --- [http-nio-8082-exec-7] com.hmall.cart.mapper.CartMapper.delete  : ==>  Preparing: DELETE FROM cart WHERE (user_id = ? AND item_id IN (?))
00:24:25:795 DEBUG 18004 --- [http-nio-8082-exec-7] com.hmall.cart.mapper.CartMapper.delete  : ==> Parameters: null, 100001964366(Long)
00:24:25:795 DEBUG 18004 --- [http-nio-8082-exec-7] com.hmall.cart.mapper.CartMapper.delete  : <==    Updates: 0
00:25:47:498  INFO 18004 --- [com.alibaba.nacos.client.remote.worker] com.alibaba.nacos.common.remote.client   : [546b837f-82df-43fe-84d2-45f3e65d3683] Server healthy check fail, currentConnection = 1696868418836_192.168.10.1_59246
00:25:47:499  INFO 18004 --- [com.alibaba.nacos.client.remote.worker] com.alibaba.nacos.common.remote.client   : [546b837f-82df-43fe-84d2-45f3e65d3683] Try to reconnect to a new server, server is  not appointed, will choose a random server.
00:25:50:510 ERROR 18004 --- [com.alibaba.nacos.client.remote.worker] c.a.n.c.remote.client.grpc.GrpcClient    : Server check fail, please check server 192.168.10.102 ,port 9848 is available , error ={}

java.util.concurrent.TimeoutException: Waited 3000 milliseconds (plus 4 milliseconds, 945000 nanoseconds delay) for com.alibaba.nacos.shaded.io.grpc.stub.ClientCalls$GrpcFuture@3835eeb6[status=PENDING, info=[GrpcFuture{clientCall={delegate={delegate=ClientCallImpl{method=MethodDescriptor{fullMethodName=Request/request, type=UNARY, idempotent=false, safe=false, sampledToLocalTracing=true, requestMarshaller=com.alibaba.nacos.shaded.io.grpc.protobuf.lite.ProtoLiteUtils$MessageMarshaller@470a446f, responseMarshaller=com.alibaba.nacos.shaded.io.grpc.protobuf.lite.ProtoLiteUtils$MessageMarshaller@55315a00, schemaDescriptor=com.alibaba.nacos.api.grpc.auto.RequestGrpc$RequestMethodDescriptorSupplier@4942e6af}}}}}]]
	at com.alibaba.nacos.shaded.com.google.common.util.concurrent.AbstractFuture.get(AbstractFuture.java:508) ~[nacos-client-2.0.4.jar:na]
	at com.alibaba.nacos.common.remote.client.grpc.GrpcClient.serverCheck(GrpcClient.java:148) ~[nacos-client-2.0.4.jar:na]
	at com.alibaba.nacos.common.remote.client.grpc.GrpcClient.connectToServer(GrpcClient.java:264) ~[nacos-client-2.0.4.jar:na]
	at com.alibaba.nacos.common.remote.client.RpcClient.reconnect(RpcClient.java:522) ~[nacos-client-2.0.4.jar:na]
	at com.alibaba.nacos.common.remote.client.RpcClient.lambda$start$2(RpcClient.java:370) ~[nacos-client-2.0.4.jar:na]
	at java.base/java.util.concurrent.Executors$RunnableAdapter.call(Executors.java:515) ~[na:na]
	at java.base/java.util.concurrent.FutureTask.run$$$capture(FutureTask.java:264) ~[na:na]
	at java.base/java.util.concurrent.FutureTask.run(FutureTask.java) ~[na:na]
	at java.base/java.util.concurrent.ScheduledThreadPoolExecutor$ScheduledFutureTask.run(ScheduledThreadPoolExecutor.java:304) ~[na:na]
	at java.base/java.util.concurrent.ThreadPoolExecutor.runWorker(ThreadPoolExecutor.java:1128) ~[na:na]
	at java.base/java.util.concurrent.ThreadPoolExecutor$Worker.run(ThreadPoolExecutor.java:628) ~[na:na]
	at java.base/java.lang.Thread.run(Thread.java:829) ~[na:na]

00:25:53:625 ERROR 18004 --- [com.alibaba.nacos.client.remote.worker] c.a.n.c.remote.client.grpc.GrpcClient    : Server check fail, please check server 192.168.10.102 ,port 9848 is available , error ={}

java.util.concurrent.TimeoutException: Waited 3000 milliseconds (plus 9 milliseconds, 207000 nanoseconds delay) for com.alibaba.nacos.shaded.io.grpc.stub.ClientCalls$GrpcFuture@34c72220[status=PENDING, info=[GrpcFuture{clientCall={delegate={delegate=ClientCallImpl{method=MethodDescriptor{fullMethodName=Request/request, type=UNARY, idempotent=false, safe=false, sampledToLocalTracing=true, requestMarshaller=com.alibaba.nacos.shaded.io.grpc.protobuf.lite.ProtoLiteUtils$MessageMarshaller@470a446f, responseMarshaller=com.alibaba.nacos.shaded.io.grpc.protobuf.lite.ProtoLiteUtils$MessageMarshaller@55315a00, schemaDescriptor=com.alibaba.nacos.api.grpc.auto.RequestGrpc$RequestMethodDescriptorSupplier@4942e6af}}}}}]]
	at com.alibaba.nacos.shaded.com.google.common.util.concurrent.AbstractFuture.get(AbstractFuture.java:508) ~[nacos-client-2.0.4.jar:na]
	at com.alibaba.nacos.common.remote.client.grpc.GrpcClient.serverCheck(GrpcClient.java:148) ~[nacos-client-2.0.4.jar:na]
	at com.alibaba.nacos.common.remote.client.grpc.GrpcClient.connectToServer(GrpcClient.java:264) ~[nacos-client-2.0.4.jar:na]
	at com.alibaba.nacos.common.remote.client.RpcClient.reconnect(RpcClient.java:522) ~[nacos-client-2.0.4.jar:na]
	at com.alibaba.nacos.common.remote.client.RpcClient.lambda$start$2(RpcClient.java:370) ~[nacos-client-2.0.4.jar:na]
	at java.base/java.util.concurrent.Executors$RunnableAdapter.call(Executors.java:515) ~[na:na]
	at java.base/java.util.concurrent.FutureTask.run$$$capture(FutureTask.java:264) ~[na:na]
	at java.base/java.util.concurrent.FutureTask.run(FutureTask.java) ~[na:na]
	at java.base/java.util.concurrent.ScheduledThreadPoolExecutor$ScheduledFutureTask.run(ScheduledThreadPoolExecutor.java:304) ~[na:na]
	at java.base/java.util.concurrent.ThreadPoolExecutor.runWorker(ThreadPoolExecutor.java:1128) ~[na:na]
	at java.base/java.util.concurrent.ThreadPoolExecutor$Worker.run(ThreadPoolExecutor.java:628) ~[na:na]
	at java.base/java.lang.Thread.run(Thread.java:829) ~[na:na]

00:25:53:626  INFO 18004 --- [com.alibaba.nacos.client.remote.worker] com.alibaba.nacos.common.remote.client   : [546b837f-82df-43fe-84d2-45f3e65d3683] Fail to connect server, after trying 1 times, last try server is {serverIp = '192.168.10.102', server main port = 8848}, error = unknown
00:25:56:840 ERROR 18004 --- [com.alibaba.nacos.client.remote.worker] c.a.n.c.remote.client.grpc.GrpcClient    : Server check fail, please check server 192.168.10.102 ,port 9848 is available , error ={}

java.util.concurrent.TimeoutException: Waited 3000 milliseconds (plus 10 milliseconds, 18800 nanoseconds delay) for com.alibaba.nacos.shaded.io.grpc.stub.ClientCalls$GrpcFuture@3f4e64c3[status=PENDING, info=[GrpcFuture{clientCall={delegate={delegate=ClientCallImpl{method=MethodDescriptor{fullMethodName=Request/request, type=UNARY, idempotent=false, safe=false, sampledToLocalTracing=true, requestMarshaller=com.alibaba.nacos.shaded.io.grpc.protobuf.lite.ProtoLiteUtils$MessageMarshaller@470a446f, responseMarshaller=com.alibaba.nacos.shaded.io.grpc.protobuf.lite.ProtoLiteUtils$MessageMarshaller@55315a00, schemaDescriptor=com.alibaba.nacos.api.grpc.auto.RequestGrpc$RequestMethodDescriptorSupplier@4942e6af}}}}}]]
	at com.alibaba.nacos.shaded.com.google.common.util.concurrent.AbstractFuture.get(AbstractFuture.java:508) ~[nacos-client-2.0.4.jar:na]
	at com.alibaba.nacos.common.remote.client.grpc.GrpcClient.serverCheck(GrpcClient.java:148) ~[nacos-client-2.0.4.jar:na]
	at com.alibaba.nacos.common.remote.client.grpc.GrpcClient.connectToServer(GrpcClient.java:264) ~[nacos-client-2.0.4.jar:na]
	at com.alibaba.nacos.common.remote.client.RpcClient.reconnect(RpcClient.java:522) ~[nacos-client-2.0.4.jar:na]
	at com.alibaba.nacos.common.remote.client.RpcClient.lambda$start$2(RpcClient.java:370) ~[nacos-client-2.0.4.jar:na]
	at java.base/java.util.concurrent.Executors$RunnableAdapter.call(Executors.java:515) ~[na:na]
	at java.base/java.util.concurrent.FutureTask.run$$$capture(FutureTask.java:264) ~[na:na]
	at java.base/java.util.concurrent.FutureTask.run(FutureTask.java) ~[na:na]
	at java.base/java.util.concurrent.ScheduledThreadPoolExecutor$ScheduledFutureTask.run(ScheduledThreadPoolExecutor.java:304) ~[na:na]
	at java.base/java.util.concurrent.ThreadPoolExecutor.runWorker(ThreadPoolExecutor.java:1128) ~[na:na]
	at java.base/java.util.concurrent.ThreadPoolExecutor$Worker.run(ThreadPoolExecutor.java:628) ~[na:na]
	at java.base/java.lang.Thread.run(Thread.java:829) ~[na:na]

00:25:56:841  INFO 18004 --- [com.alibaba.nacos.client.remote.worker] com.alibaba.nacos.common.remote.client   : [546b837f-82df-43fe-84d2-45f3e65d3683] Fail to connect server, after trying 2 times, last try server is {serverIp = '192.168.10.102', server main port = 8848}, error = unknown
00:26:00:177 ERROR 18004 --- [com.alibaba.nacos.client.remote.worker] c.a.n.c.remote.client.grpc.GrpcClient    : Server check fail, please check server 192.168.10.102 ,port 9848 is available , error ={}

java.util.concurrent.TimeoutException: Waited 3000 milliseconds (plus 15 milliseconds, 95300 nanoseconds delay) for com.alibaba.nacos.shaded.io.grpc.stub.ClientCalls$GrpcFuture@14dac722[status=PENDING, info=[GrpcFuture{clientCall={delegate={delegate=ClientCallImpl{method=MethodDescriptor{fullMethodName=Request/request, type=UNARY, idempotent=false, safe=false, sampledToLocalTracing=true, requestMarshaller=com.alibaba.nacos.shaded.io.grpc.protobuf.lite.ProtoLiteUtils$MessageMarshaller@470a446f, responseMarshaller=com.alibaba.nacos.shaded.io.grpc.protobuf.lite.ProtoLiteUtils$MessageMarshaller@55315a00, schemaDescriptor=com.alibaba.nacos.api.grpc.auto.RequestGrpc$RequestMethodDescriptorSupplier@4942e6af}}}}}]]
	at com.alibaba.nacos.shaded.com.google.common.util.concurrent.AbstractFuture.get(AbstractFuture.java:508) ~[nacos-client-2.0.4.jar:na]
	at com.alibaba.nacos.common.remote.client.grpc.GrpcClient.serverCheck(GrpcClient.java:148) ~[nacos-client-2.0.4.jar:na]
	at com.alibaba.nacos.common.remote.client.grpc.GrpcClient.connectToServer(GrpcClient.java:264) ~[nacos-client-2.0.4.jar:na]
	at com.alibaba.nacos.common.remote.client.RpcClient.reconnect(RpcClient.java:522) ~[nacos-client-2.0.4.jar:na]
	at com.alibaba.nacos.common.remote.client.RpcClient.lambda$start$2(RpcClient.java:370) ~[nacos-client-2.0.4.jar:na]
	at java.base/java.util.concurrent.Executors$RunnableAdapter.call(Executors.java:515) ~[na:na]
	at java.base/java.util.concurrent.FutureTask.run$$$capture(FutureTask.java:264) ~[na:na]
	at java.base/java.util.concurrent.FutureTask.run(FutureTask.java) ~[na:na]
	at java.base/java.util.concurrent.ScheduledThreadPoolExecutor$ScheduledFutureTask.run(ScheduledThreadPoolExecutor.java:304) ~[na:na]
	at java.base/java.util.concurrent.ThreadPoolExecutor.runWorker(ThreadPoolExecutor.java:1128) ~[na:na]
	at java.base/java.util.concurrent.ThreadPoolExecutor$Worker.run(ThreadPoolExecutor.java:628) ~[na:na]
	at java.base/java.lang.Thread.run(Thread.java:829) ~[na:na]

00:26:00:177  INFO 18004 --- [com.alibaba.nacos.client.remote.worker] com.alibaba.nacos.common.remote.client   : [546b837f-82df-43fe-84d2-45f3e65d3683] Fail to connect server, after trying 3 times, last try server is {serverIp = '192.168.10.102', server main port = 8848}, error = unknown
00:26:03:598 ERROR 18004 --- [com.alibaba.nacos.client.remote.worker] c.a.n.c.remote.client.grpc.GrpcClient    : Server check fail, please check server 192.168.10.102 ,port 9848 is available , error ={}

java.util.concurrent.TimeoutException: Waited 3000 milliseconds (plus 15 milliseconds, 473400 nanoseconds delay) for com.alibaba.nacos.shaded.io.grpc.stub.ClientCalls$GrpcFuture@5998ed47[status=PENDING, info=[GrpcFuture{clientCall={delegate={delegate=ClientCallImpl{method=MethodDescriptor{fullMethodName=Request/request, type=UNARY, idempotent=false, safe=false, sampledToLocalTracing=true, requestMarshaller=com.alibaba.nacos.shaded.io.grpc.protobuf.lite.ProtoLiteUtils$MessageMarshaller@470a446f, responseMarshaller=com.alibaba.nacos.shaded.io.grpc.protobuf.lite.ProtoLiteUtils$MessageMarshaller@55315a00, schemaDescriptor=com.alibaba.nacos.api.grpc.auto.RequestGrpc$RequestMethodDescriptorSupplier@4942e6af}}}}}]]
	at com.alibaba.nacos.shaded.com.google.common.util.concurrent.AbstractFuture.get(AbstractFuture.java:508) ~[nacos-client-2.0.4.jar:na]
	at com.alibaba.nacos.common.remote.client.grpc.GrpcClient.serverCheck(GrpcClient.java:148) ~[nacos-client-2.0.4.jar:na]
	at com.alibaba.nacos.common.remote.client.grpc.GrpcClient.connectToServer(GrpcClient.java:264) ~[nacos-client-2.0.4.jar:na]
	at com.alibaba.nacos.common.remote.client.RpcClient.reconnect(RpcClient.java:522) ~[nacos-client-2.0.4.jar:na]
	at com.alibaba.nacos.common.remote.client.RpcClient.lambda$start$2(RpcClient.java:370) ~[nacos-client-2.0.4.jar:na]
	at java.base/java.util.concurrent.Executors$RunnableAdapter.call(Executors.java:515) ~[na:na]
	at java.base/java.util.concurrent.FutureTask.run$$$capture(FutureTask.java:264) ~[na:na]
	at java.base/java.util.concurrent.FutureTask.run(FutureTask.java) ~[na:na]
	at java.base/java.util.concurrent.ScheduledThreadPoolExecutor$ScheduledFutureTask.run(ScheduledThreadPoolExecutor.java:304) ~[na:na]
	at java.base/java.util.concurrent.ThreadPoolExecutor.runWorker(ThreadPoolExecutor.java:1128) ~[na:na]
	at java.base/java.util.concurrent.ThreadPoolExecutor$Worker.run(ThreadPoolExecutor.java:628) ~[na:na]
	at java.base/java.lang.Thread.run(Thread.java:829) ~[na:na]

00:26:03:599  INFO 18004 --- [com.alibaba.nacos.client.remote.worker] com.alibaba.nacos.common.remote.client   : [546b837f-82df-43fe-84d2-45f3e65d3683] Fail to connect server, after trying 4 times, last try server is {serverIp = '192.168.10.102', server main port = 8848}, error = unknown
00:26:07:124 ERROR 18004 --- [com.alibaba.nacos.client.remote.worker] c.a.n.c.remote.client.grpc.GrpcClient    : Server check fail, please check server 192.168.10.102 ,port 9848 is available , error ={}

java.util.concurrent.TimeoutException: Waited 3000 milliseconds (plus 6 milliseconds, 747700 nanoseconds delay) for com.alibaba.nacos.shaded.io.grpc.stub.ClientCalls$GrpcFuture@7b409e89[status=PENDING, info=[GrpcFuture{clientCall={delegate={delegate=ClientCallImpl{method=MethodDescriptor{fullMethodName=Request/request, type=UNARY, idempotent=false, safe=false, sampledToLocalTracing=true, requestMarshaller=com.alibaba.nacos.shaded.io.grpc.protobuf.lite.ProtoLiteUtils$MessageMarshaller@470a446f, responseMarshaller=com.alibaba.nacos.shaded.io.grpc.protobuf.lite.ProtoLiteUtils$MessageMarshaller@55315a00, schemaDescriptor=com.alibaba.nacos.api.grpc.auto.RequestGrpc$RequestMethodDescriptorSupplier@4942e6af}}}}}]]
	at com.alibaba.nacos.shaded.com.google.common.util.concurrent.AbstractFuture.get(AbstractFuture.java:508) ~[nacos-client-2.0.4.jar:na]
	at com.alibaba.nacos.common.remote.client.grpc.GrpcClient.serverCheck(GrpcClient.java:148) ~[nacos-client-2.0.4.jar:na]
	at com.alibaba.nacos.common.remote.client.grpc.GrpcClient.connectToServer(GrpcClient.java:264) ~[nacos-client-2.0.4.jar:na]
	at com.alibaba.nacos.common.remote.client.RpcClient.reconnect(RpcClient.java:522) ~[nacos-client-2.0.4.jar:na]
	at com.alibaba.nacos.common.remote.client.RpcClient.lambda$start$2(RpcClient.java:370) ~[nacos-client-2.0.4.jar:na]
	at java.base/java.util.concurrent.Executors$RunnableAdapter.call(Executors.java:515) ~[na:na]
	at java.base/java.util.concurrent.FutureTask.run$$$capture(FutureTask.java:264) ~[na:na]
	at java.base/java.util.concurrent.FutureTask.run(FutureTask.java) ~[na:na]
	at java.base/java.util.concurrent.ScheduledThreadPoolExecutor$ScheduledFutureTask.run(ScheduledThreadPoolExecutor.java:304) ~[na:na]
	at java.base/java.util.concurrent.ThreadPoolExecutor.runWorker(ThreadPoolExecutor.java:1128) ~[na:na]
	at java.base/java.util.concurrent.ThreadPoolExecutor$Worker.run(ThreadPoolExecutor.java:628) ~[na:na]
	at java.base/java.lang.Thread.run(Thread.java:829) ~[na:na]

00:26:07:125  INFO 18004 --- [com.alibaba.nacos.client.remote.worker] com.alibaba.nacos.common.remote.client   : [546b837f-82df-43fe-84d2-45f3e65d3683] Fail to connect server, after trying 5 times, last try server is {serverIp = '192.168.10.102', server main port = 8848}, error = unknown
00:26:09:913  INFO 18004 --- [com.alibaba.nacos.client.remote.worker] com.alibaba.nacos.common.remote.client   : [546b837f-82df-43fe-84d2-45f3e65d3683] Success to connect a server [192.168.10.102:8848], connectionId = 1696868769765_192.168.10.1_59730
00:26:09:913  INFO 18004 --- [com.alibaba.nacos.client.remote.worker] com.alibaba.nacos.common.remote.client   : [546b837f-82df-43fe-84d2-45f3e65d3683] Abandon prev connection, server is 192.168.10.102:8848, connectionId is 1696868418836_192.168.10.1_59246
00:26:09:913  INFO 18004 --- [com.alibaba.nacos.client.remote.worker] com.alibaba.nacos.common.remote.client   : Close current connection 1696868418836_192.168.10.1_59246
00:26:09:914  INFO 18004 --- [com.alibaba.nacos.client.remote.worker] com.alibaba.nacos.common.remote.client   : [546b837f-82df-43fe-84d2-45f3e65d3683] Notify disconnected event to listeners
00:26:09:916  INFO 18004 --- [com.alibaba.nacos.client.remote.worker] com.alibaba.nacos.common.remote.client   : [546b837f-82df-43fe-84d2-45f3e65d3683] Notify connected event to listeners.
00:26:09:917  WARN 18004 --- [nacos-grpc-client-executor-529] c.a.n.c.remote.client.grpc.GrpcClient    : [1696868418836_192.168.10.1_59246]Ignore error event,isRunning:true,isAbandon=true
00:26:11:928  INFO 18004 --- [nacos-grpc-client-executor-533] com.alibaba.nacos.common.remote.client   : [546b837f-82df-43fe-84d2-45f3e65d3683] Receive server push request, request = NotifySubscriberRequest, requestId = 113
00:26:11:928  INFO 18004 --- [nacos-grpc-client-executor-533] com.alibaba.nacos.common.remote.client   : [546b837f-82df-43fe-84d2-45f3e65d3683] Ack server push request, request = NotifySubscriberRequest, requestId = 113
00:26:11:933  INFO 18004 --- [nacos-grpc-client-executor-534] com.alibaba.nacos.common.remote.client   : [546b837f-82df-43fe-84d2-45f3e65d3683] Receive server push request, request = NotifySubscriberRequest, requestId = 114
00:26:11:933  INFO 18004 --- [nacos-grpc-client-executor-534] com.alibaba.nacos.common.remote.client   : [546b837f-82df-43fe-84d2-45f3e65d3683] Ack server push request, request = NotifySubscriberRequest, requestId = 114
00:31:40:475 ERROR 18004 --- [com.alibaba.nacos.client.naming.updater.3] com.alibaba.nacos.common.remote.client   : Send request fail, request = ServiceQueryRequest{headers={}, requestId='null'}, retryTimes = 0, errorMessage = java.util.concurrent.TimeoutException: Waited 3000 milliseconds (plus 3 milliseconds, 765900 nanoseconds delay) for com.alibaba.nacos.shaded.io.grpc.stub.ClientCalls$GrpcFuture@50807e7e[status=PENDING, info=[GrpcFuture{clientCall={delegate={delegate=ClientCallImpl{method=MethodDescriptor{fullMethodName=Request/request, type=UNARY, idempotent=false, safe=false, sampledToLocalTracing=true, requestMarshaller=com.alibaba.nacos.shaded.io.grpc.protobuf.lite.ProtoLiteUtils$MessageMarshaller@470a446f, responseMarshaller=com.alibaba.nacos.shaded.io.grpc.protobuf.lite.ProtoLiteUtils$MessageMarshaller@55315a00, schemaDescriptor=com.alibaba.nacos.api.grpc.auto.RequestGrpc$RequestMethodDescriptorSupplier@4942e6af}}}}}]]
00:31:42:589 ERROR 18004 --- [com.alibaba.nacos.client.naming.updater.7] com.alibaba.nacos.common.remote.client   : Send request fail, request = ServiceQueryRequest{headers={app=unknown}, requestId='null'}, retryTimes = 0, errorMessage = Client not connected, current status:UNHEALTHY
00:31:42:690 ERROR 18004 --- [com.alibaba.nacos.client.naming.updater.7] com.alibaba.nacos.common.remote.client   : Send request fail, request = ServiceQueryRequest{headers={app=unknown}, requestId='null'}, retryTimes = 1, errorMessage = Client not connected, current status:UNHEALTHY
00:31:42:794 ERROR 18004 --- [com.alibaba.nacos.client.naming.updater.7] com.alibaba.nacos.common.remote.client   : Send request fail, request = ServiceQueryRequest{headers={app=unknown}, requestId='null'}, retryTimes = 2, errorMessage = Client not connected, current status:UNHEALTHY
00:31:43:480  INFO 18004 --- [com.alibaba.nacos.client.remote.worker] com.alibaba.nacos.common.remote.client   : [546b837f-82df-43fe-84d2-45f3e65d3683] Try to reconnect to a new server, server is  not appointed, will choose a random server.
00:31:45:539  INFO 18004 --- [com.alibaba.nacos.client.remote.worker] com.alibaba.nacos.common.remote.client   : [546b837f-82df-43fe-84d2-45f3e65d3683] Success to connect a server [192.168.10.102:8848], connectionId = 1696869105420_192.168.10.1_60324
00:31:45:539  INFO 18004 --- [com.alibaba.nacos.client.remote.worker] com.alibaba.nacos.common.remote.client   : [546b837f-82df-43fe-84d2-45f3e65d3683] Abandon prev connection, server is 192.168.10.102:8848, connectionId is 1696868769765_192.168.10.1_59730
00:31:45:539  INFO 18004 --- [com.alibaba.nacos.client.remote.worker] com.alibaba.nacos.common.remote.client   : Close current connection 1696868769765_192.168.10.1_59730
00:31:45:540  INFO 18004 --- [com.alibaba.nacos.client.remote.worker] com.alibaba.nacos.common.remote.client   : [546b837f-82df-43fe-84d2-45f3e65d3683] Notify disconnected event to listeners
00:31:45:541  INFO 18004 --- [com.alibaba.nacos.client.remote.worker] com.alibaba.nacos.common.remote.client   : [546b837f-82df-43fe-84d2-45f3e65d3683] Notify connected event to listeners.
00:31:45:541  WARN 18004 --- [nacos-grpc-client-executor-602] c.a.n.c.remote.client.grpc.GrpcClient    : [1696868769765_192.168.10.1_59730]Ignore error event,isRunning:true,isAbandon=true
00:31:49:807 ERROR 18004 --- [com.alibaba.nacos.client.naming.updater.7] com.alibaba.nacos.common.remote.client   : Send request fail, request = ServiceQueryRequest{headers={}, requestId='null'}, retryTimes = 0, errorMessage = java.util.concurrent.TimeoutException: Waited 3000 milliseconds (plus 9 milliseconds, 20400 nanoseconds delay) for com.alibaba.nacos.shaded.io.grpc.stub.ClientCalls$GrpcFuture@56fba0f7[status=PENDING, info=[GrpcFuture{clientCall={delegate={delegate=ClientCallImpl{method=MethodDescriptor{fullMethodName=Request/request, type=UNARY, idempotent=false, safe=false, sampledToLocalTracing=true, requestMarshaller=com.alibaba.nacos.shaded.io.grpc.protobuf.lite.ProtoLiteUtils$MessageMarshaller@470a446f, responseMarshaller=com.alibaba.nacos.shaded.io.grpc.protobuf.lite.ProtoLiteUtils$MessageMarshaller@55315a00, schemaDescriptor=com.alibaba.nacos.api.grpc.auto.RequestGrpc$RequestMethodDescriptorSupplier@4942e6af}}}}}]]
00:31:50:398 ERROR 18004 --- [com.alibaba.nacos.client.naming.grpc.redo.0] com.alibaba.nacos.common.remote.client   : Send request fail, request = InstanceRequest{headers={}, requestId='null'}, retryTimes = 0, errorMessage = java.util.concurrent.TimeoutException: Waited 3000 milliseconds (plus 15 milliseconds, 840000 nanoseconds delay) for com.alibaba.nacos.shaded.io.grpc.stub.ClientCalls$GrpcFuture@7506f20b[status=PENDING, info=[GrpcFuture{clientCall={delegate={delegate=ClientCallImpl{method=MethodDescriptor{fullMethodName=Request/request, type=UNARY, idempotent=false, safe=false, sampledToLocalTracing=true, requestMarshaller=com.alibaba.nacos.shaded.io.grpc.protobuf.lite.ProtoLiteUtils$MessageMarshaller@470a446f, responseMarshaller=com.alibaba.nacos.shaded.io.grpc.protobuf.lite.ProtoLiteUtils$MessageMarshaller@55315a00, schemaDescriptor=com.alibaba.nacos.api.grpc.auto.RequestGrpc$RequestMethodDescriptorSupplier@4942e6af}}}}}]]
00:31:51:696  INFO 18004 --- [com.alibaba.nacos.client.remote.worker] com.alibaba.nacos.common.remote.client   : [546b837f-82df-43fe-84d2-45f3e65d3683] Server check success, currentServer is 192.168.10.102:8848 
00:31:53:994  INFO 18004 --- [nacos-grpc-client-executor-611] com.alibaba.nacos.common.remote.client   : [546b837f-82df-43fe-84d2-45f3e65d3683] Receive server push request, request = NotifySubscriberRequest, requestId = 132
00:31:53:995  INFO 18004 --- [nacos-grpc-client-executor-611] com.alibaba.nacos.common.remote.client   : [546b837f-82df-43fe-84d2-45f3e65d3683] Ack server push request, request = NotifySubscriberRequest, requestId = 132
00:31:53:997  INFO 18004 --- [nacos-grpc-client-executor-612] com.alibaba.nacos.common.remote.client   : [546b837f-82df-43fe-84d2-45f3e65d3683] Receive server push request, request = NotifySubscriberRequest, requestId = 134
00:31:54:002  INFO 18004 --- [nacos-grpc-client-executor-612] com.alibaba.nacos.common.remote.client   : [546b837f-82df-43fe-84d2-45f3e65d3683] Ack server push request, request = NotifySubscriberRequest, requestId = 134
00:31:55:022  INFO 18004 --- [nacos-grpc-client-executor-613] com.alibaba.nacos.common.remote.client   : [546b837f-82df-43fe-84d2-45f3e65d3683] Receive server push request, request = NotifySubscriberRequest, requestId = 137
00:31:55:024  INFO 18004 --- [nacos-grpc-client-executor-613] com.alibaba.nacos.common.remote.client   : [546b837f-82df-43fe-84d2-45f3e65d3683] Ack server push request, request = NotifySubscriberRequest, requestId = 137
00:35:55:110 DEBUG 18004 --- [http-nio-8082-exec-8] c.h.cart.mapper.CartMapper.selectList    : ==>  Preparing: SELECT id,user_id,item_id,num,name,spec,price,image,create_time,update_time FROM cart WHERE (user_id = ?)
00:35:55:111 DEBUG 18004 --- [http-nio-8082-exec-8] c.h.cart.mapper.CartMapper.selectList    : ==> Parameters: 1(Long)
00:35:55:129 DEBUG 18004 --- [http-nio-8082-exec-8] c.h.cart.mapper.CartMapper.selectList    : <==      Total: 2
00:36:04:735 DEBUG 18004 --- [http-nio-8082-exec-1] com.hmall.cart.mapper.CartMapper.delete  : ==>  Preparing: DELETE FROM cart WHERE (user_id = ? AND item_id IN (?))
00:36:04:735 DEBUG 18004 --- [http-nio-8082-exec-1] com.hmall.cart.mapper.CartMapper.delete  : ==> Parameters: 1(Long), 100001964366(Long)
00:36:04:878 DEBUG 18004 --- [http-nio-8082-exec-1] com.hmall.cart.mapper.CartMapper.delete  : <==    Updates: 1
00:36:55:431 DEBUG 18004 --- [http-nio-8082-exec-2] com.hmall.cart.mapper.CartMapper.delete  : ==>  Preparing: DELETE FROM cart WHERE (user_id = ? AND item_id IN (?))
00:36:55:431 DEBUG 18004 --- [http-nio-8082-exec-2] com.hmall.cart.mapper.CartMapper.delete  : ==> Parameters: 1(Long), 100001964366(Long)
00:36:55:432 DEBUG 18004 --- [http-nio-8082-exec-2] com.hmall.cart.mapper.CartMapper.delete  : <==    Updates: 0
00:39:12:050 DEBUG 18004 --- [http-nio-8082-exec-6] com.hmall.cart.mapper.CartMapper.delete  : ==>  Preparing: DELETE FROM cart WHERE (user_id = ? AND item_id IN (?))
00:39:12:054 DEBUG 18004 --- [http-nio-8082-exec-6] com.hmall.cart.mapper.CartMapper.delete  : ==> Parameters: 1(Long), 100001964366(Long)
00:39:12:055 DEBUG 18004 --- [http-nio-8082-exec-5] com.hmall.cart.mapper.CartMapper.delete  : ==>  Preparing: DELETE FROM cart WHERE (user_id = ? AND item_id IN (?))
00:39:12:056 DEBUG 18004 --- [http-nio-8082-exec-5] com.hmall.cart.mapper.CartMapper.delete  : ==> Parameters: 1(Long), 100001964366(Long)
00:39:12:058 DEBUG 18004 --- [http-nio-8082-exec-6] com.hmall.cart.mapper.CartMapper.delete  : <==    Updates: 0
00:39:12:059 DEBUG 18004 --- [http-nio-8082-exec-5] com.hmall.cart.mapper.CartMapper.delete  : <==    Updates: 0
00:43:00:757  INFO 18004 --- [nacos-grpc-client-executor-747] com.alibaba.nacos.common.remote.client   : [546b837f-82df-43fe-84d2-45f3e65d3683] Receive server push request, request = NotifySubscriberRequest, requestId = 151
00:43:00:759  INFO 18004 --- [nacos-grpc-client-executor-747] com.alibaba.nacos.common.remote.client   : [546b837f-82df-43fe-84d2-45f3e65d3683] Ack server push request, request = NotifySubscriberRequest, requestId = 151
00:43:39:017  INFO 18004 --- [nacos-grpc-client-executor-755] com.alibaba.nacos.common.remote.client   : [546b837f-82df-43fe-84d2-45f3e65d3683] Receive server push request, request = NotifySubscriberRequest, requestId = 158
00:43:39:020  INFO 18004 --- [nacos-grpc-client-executor-755] com.alibaba.nacos.common.remote.client   : [546b837f-82df-43fe-84d2-45f3e65d3683] Ack server push request, request = NotifySubscriberRequest, requestId = 158
00:43:41:529  INFO 18004 --- [nacos-grpc-client-executor-756] com.alibaba.nacos.common.remote.client   : [546b837f-82df-43fe-84d2-45f3e65d3683] Receive server push request, request = NotifySubscriberRequest, requestId = 160
00:43:41:530  INFO 18004 --- [nacos-grpc-client-executor-756] com.alibaba.nacos.common.remote.client   : [546b837f-82df-43fe-84d2-45f3e65d3683] Ack server push request, request = NotifySubscriberRequest, requestId = 160
00:43:44:597  INFO 18004 --- [nacos-grpc-client-executor-757] com.alibaba.nacos.common.remote.client   : [546b837f-82df-43fe-84d2-45f3e65d3683] Receive server push request, request = NotifySubscriberRequest, requestId = 171
00:43:44:597  INFO 18004 --- [nacos-grpc-client-executor-757] com.alibaba.nacos.common.remote.client   : [546b837f-82df-43fe-84d2-45f3e65d3683] Ack server push request, request = NotifySubscriberRequest, requestId = 171
00:44:06:302 DEBUG 18004 --- [http-nio-8082-exec-10] c.h.cart.mapper.CartMapper.selectList    : ==>  Preparing: SELECT id,user_id,item_id,num,name,spec,price,image,create_time,update_time FROM cart WHERE (user_id = ?)
00:44:06:303 DEBUG 18004 --- [http-nio-8082-exec-10] c.h.cart.mapper.CartMapper.selectList    : ==> Parameters: 1(Long)
00:44:06:308 DEBUG 18004 --- [http-nio-8082-exec-10] c.h.cart.mapper.CartMapper.selectList    : <==      Total: 1
00:44:14:050 DEBUG 18004 --- [http-nio-8082-exec-8] c.h.cart.mapper.CartMapper.selectList    : ==>  Preparing: SELECT id,user_id,item_id,num,name,spec,price,image,create_time,update_time FROM cart WHERE (user_id = ?)
00:44:14:051 DEBUG 18004 --- [http-nio-8082-exec-8] c.h.cart.mapper.CartMapper.selectList    : ==> Parameters: 1(Long)
00:44:14:054 DEBUG 18004 --- [http-nio-8082-exec-8] c.h.cart.mapper.CartMapper.selectList    : <==      Total: 1
00:44:27:288 DEBUG 18004 --- [http-nio-8082-exec-1] c.h.cart.mapper.CartMapper.selectCount   : ==>  Preparing: SELECT COUNT( * ) FROM cart WHERE (user_id = ? AND item_id = ?)
00:44:27:289 DEBUG 18004 --- [http-nio-8082-exec-1] c.h.cart.mapper.CartMapper.selectCount   : ==> Parameters: 1(Long), 100001964366(Long)
00:44:27:290 DEBUG 18004 --- [http-nio-8082-exec-1] c.h.cart.mapper.CartMapper.selectCount   : <==      Total: 1
00:44:27:293 DEBUG 18004 --- [http-nio-8082-exec-1] c.h.cart.mapper.CartMapper.selectCount   : ==>  Preparing: SELECT COUNT( * ) FROM cart WHERE (user_id = ?)
00:44:27:294 DEBUG 18004 --- [http-nio-8082-exec-1] c.h.cart.mapper.CartMapper.selectCount   : ==> Parameters: 1(Long)
00:44:27:298 DEBUG 18004 --- [http-nio-8082-exec-1] c.h.cart.mapper.CartMapper.selectCount   : <==      Total: 1
00:44:27:300 DEBUG 18004 --- [http-nio-8082-exec-1] com.hmall.cart.mapper.CartMapper.insert  : ==>  Preparing: INSERT INTO cart ( user_id, item_id, name, spec, price, image ) VALUES ( ?, ?, ?, ?, ?, ? )
00:44:27:301 DEBUG 18004 --- [http-nio-8082-exec-1] com.hmall.cart.mapper.CartMapper.insert  : ==> Parameters: 1(Long), 100001964366(Long), OPPO A7 全面屏拍照手机 4GB+64GB 清新粉 全网通 移动联通电信4G 双卡双待手机(String), {"颜色": "粉色"}(String), 65400(Integer), https://m.360buyimg.com/mobilecms/s720x720_jfs/t25564/327/2615611632/135559/d3c69840/5bebd32eN3bf6f987.jpg!q70.jpg.webp(String)
00:44:27:382 DEBUG 18004 --- [http-nio-8082-exec-1] com.hmall.cart.mapper.CartMapper.insert  : <==    Updates: 1
00:44:27:460 DEBUG 18004 --- [http-nio-8082-exec-2] c.h.cart.mapper.CartMapper.selectList    : ==>  Preparing: SELECT id,user_id,item_id,num,name,spec,price,image,create_time,update_time FROM cart WHERE (user_id = ?)
00:44:27:461 DEBUG 18004 --- [http-nio-8082-exec-2] c.h.cart.mapper.CartMapper.selectList    : ==> Parameters: 1(Long)
00:44:27:471 DEBUG 18004 --- [http-nio-8082-exec-2] c.h.cart.mapper.CartMapper.selectList    : <==      Total: 2
00:46:08:208  INFO 18004 --- [nacos-grpc-client-executor-786] com.alibaba.nacos.common.remote.client   : [546b837f-82df-43fe-84d2-45f3e65d3683] Receive server push request, request = NotifySubscriberRequest, requestId = 223
00:46:08:210  INFO 18004 --- [nacos-grpc-client-executor-786] com.alibaba.nacos.common.remote.client   : [546b837f-82df-43fe-84d2-45f3e65d3683] Ack server push request, request = NotifySubscriberRequest, requestId = 223
00:46:08:730  INFO 18004 --- [nacos-grpc-client-executor-787] com.alibaba.nacos.common.remote.client   : [546b837f-82df-43fe-84d2-45f3e65d3683] Receive server push request, request = NotifySubscriberRequest, requestId = 226
00:46:08:731  INFO 18004 --- [nacos-grpc-client-executor-787] com.alibaba.nacos.common.remote.client   : [546b837f-82df-43fe-84d2-45f3e65d3683] Ack server push request, request = NotifySubscriberRequest, requestId = 226
00:46:32:293  INFO 18004 --- [nacos-grpc-client-executor-791] com.alibaba.nacos.common.remote.client   : [546b837f-82df-43fe-84d2-45f3e65d3683] Receive server push request, request = NotifySubscriberRequest, requestId = 231
00:46:32:295  INFO 18004 --- [nacos-grpc-client-executor-791] com.alibaba.nacos.common.remote.client   : [546b837f-82df-43fe-84d2-45f3e65d3683] Ack server push request, request = NotifySubscriberRequest, requestId = 231
00:48:33:397  WARN 18004 --- [Thread-4] c.a.nacos.common.notify.NotifyCenter     : [NotifyCenter] Start destroying Publisher
00:48:33:398  WARN 18004 --- [Thread-4] c.a.nacos.common.notify.NotifyCenter     : [NotifyCenter] Destruction of the end
00:48:33:398  WARN 18004 --- [Thread-7] c.a.n.common.http.HttpClientBeanHolder   : [HttpClientBeanHolder] Start destroying common HttpClient
00:48:33:401  WARN 18004 --- [Thread-7] c.a.n.common.http.HttpClientBeanHolder   : [HttpClientBeanHolder] Destruction of the end
00:48:35:764  INFO 18004 --- [SpringApplicationShutdownHook] c.a.c.n.registry.NacosServiceRegistry    : De-registering from Nacos Server now...
00:48:35:772  INFO 18004 --- [SpringApplicationShutdownHook] c.a.c.n.registry.NacosServiceRegistry    : De-registration finished.
00:48:36:087  INFO 18004 --- [SpringApplicationShutdownHook] com.alibaba.nacos.common.remote.client   : Shutdown rpc client, set status to shutdown
00:48:36:088  INFO 18004 --- [SpringApplicationShutdownHook] com.alibaba.nacos.common.remote.client   : Shutdown client event executor java.util.concurrent.ScheduledThreadPoolExecutor@539b959d[Running, pool size = 2, active threads = 2, queued tasks = 0, completed tasks = 0]
00:48:36:088  INFO 18004 --- [SpringApplicationShutdownHook] com.alibaba.nacos.common.remote.client   : Close current connection 1696869105420_192.168.10.1_60324
00:48:36:091  INFO 18004 --- [nacos-grpc-client-executor-819] c.a.n.c.remote.client.grpc.GrpcClient    : [1696869105420_192.168.10.1_60324]Ignore complete event,isRunning:false,isAbandon=false
00:48:36:093  INFO 18004 --- [SpringApplicationShutdownHook] c.a.n.c.remote.client.grpc.GrpcClient    : Shutdown grpc executor java.util.concurrent.ThreadPoolExecutor@6814e6c5[Running, pool size = 6, active threads = 0, queued tasks = 0, completed tasks = 820]
00:48:36:106  INFO 18004 --- [SpringApplicationShutdownHook] com.zaxxer.hikari.HikariDataSource       : HikariPool-1 - Shutdown initiated...
00:48:36:182  INFO 18004 --- [SpringApplicationShutdownHook] com.zaxxer.hikari.HikariDataSource       : HikariPool-1 - Shutdown completed.
